# JRE version: Java(TM) SE Runtime Environment 18.9 (11.0.16+11) (build 11.0.16+11-LTS-199)
# Java VM: Java HotSpot(TM) 64-Bit Server VM 18.9 (11.0.16+11-LTS-199, mixed mode, tiered, compressed oops, g1 gc, windows-amd64)
Heap:
 garbage-first heap   total 260096K, used 9035K [0x0000000702800000, 0x0000000800000000)
  region size 1024K, 1 young (1024K), 1 survivors (1024K)
 Metaspace       used 16112K, capacity 16446K, committed 16512K, reserved 1073152K
  class space    used 1744K, capacity 1881K, committed 1920K, reserved 1048576K
GC Heap History (6 events):
Event: 1.083 GC heap before
{Heap before GC invocations=0 (full 0):
 garbage-first heap   total 260096K, used 25600K [0x0000000702800000, 0x0000000800000000)
  region size 1024K, 24 young (24576K), 0 survivors (0K)
 Metaspace       used 13250K, capacity 13651K, committed 13824K, reserved 1060864K
  class space    used 1392K, capacity 1518K, committed 1536K, reserved 1048576K
}
Event: 1.090 GC heap after
{Heap after GC invocations=1 (full 0):
 garbage-first heap   total 260096K, used 8446K [0x0000000702800000, 0x0000000800000000)
  region size 1024K, 3 young (3072K), 3 survivors (3072K)
 Metaspace       used 13250K, capacity 13651K, committed 13824K, reserved 1060864K
  class space    used 1392K, capacity 1518K, committed 1536K, reserved 1048576K
}
Event: 1.349 GC heap before
{Heap before GC invocations=1 (full 0):
 garbage-first heap   total 260096K, used 29950K [0x0000000702800000, 0x0000000800000000)
  region size 1024K, 24 young (24576K), 3 survivors (3072K)
 Metaspace       used 16112K, capacity 16446K, committed 16512K, reserved 1064960K
  class space    used 1744K, capacity 1881K, committed 1920K, reserved 1048576K
}
Event: 1.354 GC heap after
{Heap after GC invocations=2 (full 0):
 garbage-first heap   total 260096K, used 9021K [0x0000000702800000, 0x0000000800000000)
  region size 1024K, 1 young (1024K), 1 survivors (1024K)
 Metaspace       used 16112K, capacity 16446K, committed 16512K, reserved 1064960K
  class space    used 1744K, capacity 1881K, committed 1920K, reserved 1048576K
}
Event: 1.354 GC heap before
{Heap before GC invocations=2 (full 0):
 garbage-first heap   total 260096K, used 9021K [0x0000000702800000, 0x0000000800000000)
  region size 1024K, 2 young (2048K), 1 survivors (1024K)
 Metaspace       used 16112K, capacity 16446K, committed 16512K, reserved 1071104K
  class space    used 1744K, capacity 1881K, committed 1920K, reserved 1048576K
}
Event: 1.356 GC heap after
{Heap after GC invocations=3 (full 0):
 garbage-first heap   total 260096K, used 9035K [0x0000000702800000, 0x0000000800000000)
  region size 1024K, 1 young (1024K), 1 survivors (1024K)
 Metaspace       used 16112K, capacity 16446K, committed 16512K, reserved 1071104K
  class space    used 1744K, capacity 1881K, committed 1920K, reserved 1048576K
}

