# JRE version: Java(TM) SE Runtime Environment 18.9 (11.0.16+11) (build 11.0.16+11-LTS-199)
# Java VM: Java HotSpot(TM) 64-Bit Server VM 18.9 (11.0.16+11-LTS-199, mixed mode, tiered, compressed oops, g1 gc, windows-amd64)
Heap:
 garbage-first heap   total 312320K, used 26307K [0x0000000702800000, 0x0000000800000000)
  region size 1024K, 16 young (16384K), 16 survivors (16384K)
 Metaspace       used 48770K, capacity 50308K, committed 50432K, reserved 1093632K
  class space    used 6271K, capacity 6902K, committed 6912K, reserved 1048576K
GC Heap History (10 events):
Event: 3.045 GC heap after
{Heap after GC invocations=3 (full 0):
 garbage-first heap   total 260096K, used 12311K [0x0000000702800000, 0x0000000800000000)
  region size 1024K, 3 young (3072K), 3 survivors (3072K)
 Metaspace       used 20057K, capacity 20769K, committed 20864K, reserved 1067008K
  class space    used 2354K, capacity 2657K, committed 2688K, reserved 1048576K
}
Event: 3.072 GC heap before
{Heap before GC invocations=3 (full 0):
 garbage-first heap   total 260096K, used 16407K [0x0000000702800000, 0x0000000800000000)
  region size 1024K, 8 young (8192K), 3 survivors (3072K)
 Metaspace       used 20428K, capacity 21108K, committed 21248K, reserved 1067008K
  class space    used 2435K, capacity 2728K, committed 2816K, reserved 1048576K
}
Event: 3.075 GC heap after
{Heap after GC invocations=4 (full 0):
 garbage-first heap   total 260096K, used 12497K [0x0000000702800000, 0x0000000800000000)
  region size 1024K, 3 young (3072K), 3 survivors (3072K)
 Metaspace       used 20428K, capacity 21108K, committed 21248K, reserved 1067008K
  class space    used 2435K, capacity 2728K, committed 2816K, reserved 1048576K
}
Event: 3.508 GC heap before
{Heap before GC invocations=5 (full 0):
 garbage-first heap   total 260096K, used 89297K [0x0000000702800000, 0x0000000800000000)
  region size 1024K, 78 young (79872K), 3 survivors (3072K)
 Metaspace       used 26890K, capacity 27779K, committed 28032K, reserved 1073152K
  class space    used 3241K, capacity 3619K, committed 3712K, reserved 1048576K
}
Event: 3.512 GC heap after
{Heap after GC invocations=6 (full 0):
 garbage-first heap   total 260096K, used 15107K [0x0000000702800000, 0x0000000800000000)
  region size 1024K, 6 young (6144K), 6 survivors (6144K)
 Metaspace       used 26890K, capacity 27779K, committed 28032K, reserved 1073152K
  class space    used 3241K, capacity 3619K, committed 3712K, reserved 1048576K
}
Event: 4.382 GC heap before
{Heap before GC invocations=6 (full 0):
 garbage-first heap   total 260096K, used 137987K [0x0000000702800000, 0x0000000800000000)
  region size 1024K, 126 young (129024K), 6 survivors (6144K)
 Metaspace       used 33954K, capacity 35293K, committed 35328K, reserved 1079296K
  class space    used 4321K, capacity 4843K, committed 4864K, reserved 1048576K
}
Event: 4.391 GC heap after
{Heap after GC invocations=7 (full 0):
 garbage-first heap   total 260096K, used 18944K [0x0000000702800000, 0x0000000800000000)
  region size 1024K, 9 young (9216K), 9 survivors (9216K)
 Metaspace       used 33954K, capacity 35293K, committed 35328K, reserved 1079296K
  class space    used 4321K, capacity 4843K, committed 4864K, reserved 1048576K
}
Event: 4.425 GC heap before
{Heap before GC invocations=7 (full 0):
 garbage-first heap   total 260096K, used 23040K [0x0000000702800000, 0x0000000800000000)
  region size 1024K, 14 young (14336K), 9 survivors (9216K)
 Metaspace       used 34418K, capacity 35773K, committed 35840K, reserved 1081344K
  class space    used 4370K, capacity 4939K, committed 4992K, reserved 1048576K
}
Event: 4.433 GC heap after
{Heap after GC invocations=8 (full 0):
 garbage-first heap   total 260096K, used 19639K [0x0000000702800000, 0x0000000800000000)
  region size 1024K, 10 young (10240K), 10 survivors (10240K)
 Metaspace       used 34418K, capacity 35773K, committed 35840K, reserved 1081344K
  class space    used 4370K, capacity 4939K, committed 4992K, reserved 1048576K
}
Event: 5.438 GC heap before
{Heap before GC invocations=9 (full 0):
 garbage-first heap   total 260096K, used 162999K [0x0000000702800000, 0x0000000800000000)
  region size 1024K, 137 young (140288K), 10 survivors (10240K)
 Metaspace       used 48770K, capacity 50308K, committed 50432K, reserved 1093632K
  class space    used 6271K, capacity 6902K, committed 6912K, reserved 1048576K
}

