# JRE version: Java(TM) SE Runtime Environment 18.9 (11.0.16+11) (build 11.0.16+11-LTS-199)
# Java VM: Java HotSpot(TM) 64-Bit Server VM 18.9 (11.0.16+11-LTS-199, mixed mode, tiered, compressed oops, g1 gc, windows-amd64)
Heap:
 garbage-first heap   total 260096K, used 33793K [0x0000000702800000, 0x0000000800000000)
  region size 1024K, 16 young (16384K), 16 survivors (16384K)
 Metaspace       used 54785K, capacity 56552K, committed 56576K, reserved 1105920K
  class space    used 7170K, capacity 7927K, committed 7936K, reserved 1048576K
GC Heap History (10 events):
Event: 5.341 GC heap before
{Heap before GC invocations=4 (full 0):
 garbage-first heap   total 260096K, used 75946K [0x0000000702800000, 0x0000000800000000)
  region size 1024K, 64 young (65536K), 3 survivors (3072K)
 Metaspace       used 25398K, capacity 26214K, committed 26368K, reserved 1073152K
  class space    used 3179K, capacity 3488K, committed 3584K, reserved 1048576K
}
Event: 5.346 GC heap after
{Heap after GC invocations=5 (full 0):
 garbage-first heap   total 260096K, used 15056K [0x0000000702800000, 0x0000000800000000)
  region size 1024K, 4 young (4096K), 4 survivors (4096K)
 Metaspace       used 25398K, capacity 26214K, committed 26368K, reserved 1073152K
  class space    used 3179K, capacity 3488K, committed 3584K, reserved 1048576K
}
Event: 7.883 GC heap before
{Heap before GC invocations=5 (full 0):
 garbage-first heap   total 260096K, used 144080K [0x0000000702800000, 0x0000000800000000)
  region size 1024K, 130 young (133120K), 4 survivors (4096K)
 Metaspace       used 33391K, capacity 34412K, committed 34688K, reserved 1079296K
  class space    used 4182K, capacity 4609K, committed 4736K, reserved 1048576K
}
Event: 7.891 GC heap after
{Heap after GC invocations=6 (full 0):
 garbage-first heap   total 260096K, used 19577K [0x0000000702800000, 0x0000000800000000)
  region size 1024K, 9 young (9216K), 9 survivors (9216K)
 Metaspace       used 33391K, capacity 34412K, committed 34688K, reserved 1079296K
  class space    used 4182K, capacity 4609K, committed 4736K, reserved 1048576K
}
Event: 8.121 GC heap before
{Heap before GC invocations=6 (full 0):
 garbage-first heap   total 260096K, used 50297K [0x0000000702800000, 0x0000000800000000)
  region size 1024K, 40 young (40960K), 9 survivors (9216K)
 Metaspace       used 34658K, capacity 35738K, committed 35840K, reserved 1081344K
  class space    used 4365K, capacity 4792K, committed 4864K, reserved 1048576K
}
Event: 8.130 GC heap after
{Heap after GC invocations=7 (full 0):
 garbage-first heap   total 260096K, used 19980K [0x0000000702800000, 0x0000000800000000)
  region size 1024K, 9 young (9216K), 9 survivors (9216K)
 Metaspace       used 34658K, capacity 35738K, committed 35840K, reserved 1081344K
  class space    used 4365K, capacity 4792K, committed 4864K, reserved 1048576K
}
Event: 9.722 GC heap before
{Heap before GC invocations=8 (full 0):
 garbage-first heap   total 260096K, used 177676K [0x0000000702800000, 0x0000000800000000)
  region size 1024K, 152 young (155648K), 9 survivors (9216K)
 Metaspace       used 43240K, capacity 44747K, committed 44928K, reserved 1087488K
  class space    used 5569K, capacity 6175K, committed 6272K, reserved 1048576K
}
Event: 9.741 GC heap after
{Heap after GC invocations=9 (full 0):
 garbage-first heap   total 260096K, used 28011K [0x0000000702800000, 0x0000000800000000)
  region size 1024K, 17 young (17408K), 17 survivors (17408K)
 Metaspace       used 43240K, capacity 44747K, committed 44928K, reserved 1087488K
  class space    used 5569K, capacity 6175K, committed 6272K, reserved 1048576K
}
Event: 10.902 GC heap before
{Heap before GC invocations=9 (full 0):
 garbage-first heap   total 260096K, used 160107K [0x0000000702800000, 0x0000000800000000)
  region size 1024K, 146 young (149504K), 17 survivors (17408K)
 Metaspace       used 54785K, capacity 56552K, committed 56576K, reserved 1103872K
  class space    used 7170K, capacity 7927K, committed 7936K, reserved 1048576K
}
Event: 10.918 GC heap after
{Heap after GC invocations=10 (full 0):
 garbage-first heap   total 260096K, used 33793K [0x0000000702800000, 0x0000000800000000)
  region size 1024K, 16 young (16384K), 16 survivors (16384K)
 Metaspace       used 54785K, capacity 56552K, committed 56576K, reserved 1103872K
  class space    used 7170K, capacity 7927K, committed 7936K, reserved 1048576K
}

