# JRE version: Java(TM) SE Runtime Environment 18.9 (11.0.16+11) (build 11.0.16+11-LTS-199)
# Java VM: Java HotSpot(TM) 64-Bit Server VM 18.9 (11.0.16+11-LTS-199, mixed mode, tiered, compressed oops, g1 gc, windows-amd64)
Heap:
 garbage-first heap   total 260096K, used 41401K [0x0000000702800000, 0x0000000800000000)
  region size 1024K, 8 young (8192K), 8 survivors (8192K)
 Metaspace       used 69605K, capacity 71920K, committed 72064K, reserved 1120256K
  class space    used 9320K, capacity 10286K, committed 10368K, reserved 1048576K
GC Heap History (10 events):
Event: 6.660 GC heap before
{Heap before GC invocations=8 (full 0):
 garbage-first heap   total 260096K, used 153791K [0x0000000702800000, 0x0000000800000000)
  region size 1024K, 134 young (137216K), 9 survivors (9216K)
 Metaspace       used 42844K, capacity 44351K, committed 44672K, reserved 1087488K
  class space    used 5548K, capacity 6171K, committed 6272K, reserved 1048576K
}
Event: 6.675 GC heap after
{Heap after GC invocations=9 (full 0):
 garbage-first heap   total 260096K, used 31460K [0x0000000702800000, 0x0000000800000000)
  region size 1024K, 17 young (17408K), 17 survivors (17408K)
 Metaspace       used 42844K, capacity 44351K, committed 44672K, reserved 1087488K
  class space    used 5548K, capacity 6171K, committed 6272K, reserved 1048576K
}
Event: 15.445 GC heap before
{Heap before GC invocations=9 (full 0):
 garbage-first heap   total 260096K, used 178916K [0x0000000702800000, 0x0000000800000000)
  region size 1024K, 152 young (155648K), 17 survivors (17408K)
 Metaspace       used 53916K, capacity 55647K, committed 55936K, reserved 1097728K
  class space    used 7014K, capacity 7770K, committed 7808K, reserved 1048576K
}
Event: 15.461 GC heap after
{Heap after GC invocations=10 (full 0):
 garbage-first heap   total 260096K, used 34677K [0x0000000702800000, 0x0000000800000000)
  region size 1024K, 14 young (14336K), 14 survivors (14336K)
 Metaspace       used 53916K, capacity 55647K, committed 55936K, reserved 1097728K
  class space    used 7014K, capacity 7770K, committed 7808K, reserved 1048576K
}
Event: 16.350 GC heap before
{Heap before GC invocations=10 (full 0):
 garbage-first heap   total 260096K, used 77685K [0x0000000702800000, 0x0000000800000000)
  region size 1024K, 57 young (58368K), 14 survivors (14336K)
 Metaspace       used 58231K, capacity 59977K, committed 60160K, reserved 1101824K
  class space    used 7568K, capacity 8322K, committed 8448K, reserved 1048576K
}
Event: 16.362 GC heap after
{Heap after GC invocations=11 (full 0):
 garbage-first heap   total 260096K, used 35868K [0x0000000702800000, 0x0000000800000000)
  region size 1024K, 7 young (7168K), 7 survivors (7168K)
 Metaspace       used 58231K, capacity 59977K, committed 60160K, reserved 1101824K
  class space    used 7568K, capacity 8322K, committed 8448K, reserved 1048576K
}
Event: 18.562 GC heap before
{Heap before GC invocations=12 (full 0):
 garbage-first heap   total 260096K, used 184348K [0x0000000702800000, 0x0000000800000000)
  region size 1024K, 152 young (155648K), 7 survivors (7168K)
 Metaspace       used 68628K, capacity 70825K, committed 71168K, reserved 1110016K
  class space    used 9173K, capacity 10116K, committed 10240K, reserved 1048576K
}
Event: 18.572 GC heap after
{Heap after GC invocations=13 (full 0):
 garbage-first heap   total 260096K, used 40238K [0x0000000702800000, 0x0000000800000000)
  region size 1024K, 12 young (12288K), 12 survivors (12288K)
 Metaspace       used 68628K, capacity 70825K, committed 71168K, reserved 1110016K
  class space    used 9173K, capacity 10116K, committed 10240K, reserved 1048576K
}
Event: 20.294 GC heap before
{Heap before GC invocations=13 (full 0):
 garbage-first heap   total 260096K, used 61742K [0x0000000702800000, 0x0000000800000000)
  region size 1024K, 34 young (34816K), 12 survivors (12288K)
 Metaspace       used 69605K, capacity 71920K, committed 72064K, reserved 1118208K
  class space    used 9320K, capacity 10286K, committed 10368K, reserved 1048576K
}
Event: 20.309 GC heap after
{Heap after GC invocations=14 (full 0):
 garbage-first heap   total 260096K, used 41401K [0x0000000702800000, 0x0000000800000000)
  region size 1024K, 8 young (8192K), 8 survivors (8192K)
 Metaspace       used 69605K, capacity 71920K, committed 72064K, reserved 1118208K
  class space    used 9320K, capacity 10286K, committed 10368K, reserved 1048576K
}

