# JRE version: Java(TM) SE Runtime Environment 18.9 (11.0.16+11) (build 11.0.16+11-LTS-199)
# Java VM: Java HotSpot(TM) 64-Bit Server VM 18.9 (11.0.16+11-LTS-199, mixed mode, tiered, compressed oops, g1 gc, windows-amd64)
Heap:
 garbage-first heap   total 312320K, used 39364K [0x0000000702800000, 0x0000000800000000)
  region size 1024K, 13 young (13312K), 13 survivors (13312K)
 Metaspace       used 67487K, capacity 69820K, committed 70144K, reserved 1110016K
  class space    used 9155K, capacity 10117K, committed 10240K, reserved 1048576K
GC Heap History (10 events):
Event: 5.726 GC heap after
{Heap after GC invocations=6 (full 0):
 garbage-first heap   total 260096K, used 18332K [0x0000000702800000, 0x0000000800000000)
  region size 1024K, 8 young (8192K), 8 survivors (8192K)
 Metaspace       used 33037K, capacity 34066K, committed 34304K, reserved 1079296K
  class space    used 4116K, capacity 4562K, committed 4608K, reserved 1048576K
}
Event: 6.038 GC heap before
{Heap before GC invocations=6 (full 0):
 garbage-first heap   total 260096K, used 77724K [0x0000000702800000, 0x0000000800000000)
  region size 1024K, 67 young (68608K), 8 survivors (8192K)
 Metaspace       used 34660K, capacity 35770K, committed 35840K, reserved 1081344K
  class space    used 4361K, capacity 4824K, committed 4864K, reserved 1048576K
}
Event: 6.045 GC heap after
{Heap after GC invocations=7 (full 0):
 garbage-first heap   total 260096K, used 19440K [0x0000000702800000, 0x0000000800000000)
  region size 1024K, 9 young (9216K), 9 survivors (9216K)
 Metaspace       used 34660K, capacity 35770K, committed 35840K, reserved 1081344K
  class space    used 4361K, capacity 4824K, committed 4864K, reserved 1048576K
}
Event: 7.076 GC heap before
{Heap before GC invocations=8 (full 0):
 garbage-first heap   total 260096K, used 148464K [0x0000000702800000, 0x0000000800000000)
  region size 1024K, 129 young (132096K), 9 survivors (9216K)
 Metaspace       used 42693K, capacity 44171K, committed 44288K, reserved 1087488K
  class space    used 5524K, capacity 6133K, committed 6144K, reserved 1048576K
}
Event: 7.090 GC heap after
{Heap after GC invocations=9 (full 0):
 garbage-first heap   total 260096K, used 31302K [0x0000000702800000, 0x0000000800000000)
  region size 1024K, 17 young (17408K), 17 survivors (17408K)
 Metaspace       used 42693K, capacity 44171K, committed 44288K, reserved 1087488K
  class space    used 5524K, capacity 6133K, committed 6144K, reserved 1048576K
}
Event: 7.932 GC heap before
{Heap before GC invocations=9 (full 0):
 garbage-first heap   total 260096K, used 176710K [0x0000000702800000, 0x0000000800000000)
  region size 1024K, 152 young (155648K), 17 survivors (17408K)
 Metaspace       used 53335K, capacity 55121K, committed 55424K, reserved 1097728K
  class space    used 7018K, capacity 7747K, committed 7808K, reserved 1048576K
}
Event: 7.948 GC heap after
{Heap after GC invocations=10 (full 0):
 garbage-first heap   total 260096K, used 32470K [0x0000000702800000, 0x0000000800000000)
  region size 1024K, 14 young (14336K), 14 survivors (14336K)
 Metaspace       used 53335K, capacity 55121K, committed 55424K, reserved 1097728K
  class space    used 7018K, capacity 7747K, committed 7808K, reserved 1048576K
}
Event: 8.211 GC heap before
{Heap before GC invocations=10 (full 0):
 garbage-first heap   total 260096K, used 82646K [0x0000000702800000, 0x0000000800000000)
  region size 1024K, 64 young (65536K), 14 survivors (14336K)
 Metaspace       used 58231K, capacity 60040K, committed 60160K, reserved 1101824K
  class space    used 7795K, capacity 8556K, committed 8576K, reserved 1048576K
}
Event: 8.221 GC heap after
{Heap after GC invocations=11 (full 0):
 garbage-first heap   total 260096K, used 33655K [0x0000000702800000, 0x0000000800000000)
  region size 1024K, 7 young (7168K), 7 survivors (7168K)
 Metaspace       used 58231K, capacity 60040K, committed 60160K, reserved 1101824K
  class space    used 7795K, capacity 8556K, committed 8576K, reserved 1048576K
}
Event: 11.638 GC heap before
{Heap before GC invocations=12 (full 0):
 garbage-first heap   total 260096K, used 182135K [0x0000000702800000, 0x0000000800000000)
  region size 1024K, 152 young (155648K), 7 survivors (7168K)
 Metaspace       used 67487K, capacity 69820K, committed 70144K, reserved 1110016K
  class space    used 9155K, capacity 10117K, committed 10240K, reserved 1048576K
}

